TN:
SF:src\db.js
FN:1,asyncGeneratorStep
FN:5,(anonymous_6)
FN:5,_callee
FN:5,_callee$
FN:5,getUserByUsername
FNF:5
FNH:2
FNDA:1,asyncGeneratorStep
FNDA:1,(anonymous_6)
FNDA:0,_callee
FNDA:0,_callee$
FNDA:0,getUserByUsername
DA:1,1
DA:3,1
DA:5,1
DA:6,0
DA:13,0
DA:15,0
DA:17,0
DA:19,0
DA:20,1
DA:22,1
DA:24,1
LF:11
LH:6
BRDA:1,0,0,0
BRDA:1,0,1,0
BRDA:3,1,0,0
BRDA:3,1,1,1
BRDA:5,2,0,0
BRDA:5,2,1,0
BRDA:5,2,2,0
BRDA:5,2,3,0
BRDA:5,2,4,0
BRF:9
BRH:1
end_of_record
TN:
SF:src\mocha-setup.js
FN:4,_interopRequireDefault
FNF:1
FNH:1
FNDA:2,_interopRequireDefault
DA:1,1
DA:3,1
DA:4,2
DA:5,1
LF:4
LH:4
BRDA:4,0,0,2
BRDA:4,0,1,4
BRF:2
BRH:2
end_of_record
TN:
SF:src\server.js
FN:2,_interopRequireDefault
FN:6,(anonymous_7)
FN:6,_callee
FN:6,_callee$
FN:14,(anonymous_10)
FNF:5
FNH:5
FNDA:13,_interopRequireDefault
FNDA:1,(anonymous_7)
FNDA:2,_callee
FNDA:4,_callee$
FNDA:2,(anonymous_10)
DA:1,1
DA:2,31
DA:4,1
DA:6,11
DA:7,4
DA:9,1
DA:10,4
DA:12,2
DA:14,3
LF:9
LH:9
BRDA:2,0,0,5
BRDA:2,0,1,4
BRDA:6,1,0,2
BRDA:6,1,1,1
BRDA:6,1,2,1
BRDA:6,1,3,2
BRDA:6,1,4,2
BRF:7
BRH:7
end_of_record
